[debug] [2020-10-12T07:24:33.886Z] ----------------------------------------------------------------------
[debug] [2020-10-12T07:24:33.889Z] Command:       C:\Program Files\nodejs\node.exe C:\Users\desahoo\AppData\Roaming\npm\node_modules\firebase-tools\lib\bin\firebase.js init
[debug] [2020-10-12T07:24:33.889Z] CLI Version:   8.12.1
[debug] [2020-10-12T07:24:33.890Z] Platform:      win32
[debug] [2020-10-12T07:24:33.890Z] Node Version:  v12.18.3
[debug] [2020-10-12T07:24:33.895Z] Time:          Mon Oct 12 2020 12:54:33 GMT+0530 (India Standard Time)
[debug] [2020-10-12T07:24:33.896Z] ----------------------------------------------------------------------
[debug] [2020-10-12T07:24:33.896Z] 
[debug] [2020-10-12T07:24:33.914Z] > command requires scopes: ["email","openid","https://www.googleapis.com/auth/cloudplatformprojects.readonly","https://www.googleapis.com/auth/firebase","https://www.googleapis.com/auth/cloud-platform"]
[debug] [2020-10-12T07:24:33.915Z] > authorizing via signed-in user
[info] 
     ######## #### ########  ######## ########     ###     ######  ########
     ##        ##  ##     ## ##       ##     ##  ##   ##  ##       ##
     ######    ##  ########  ######   ########  #########  ######  ######
     ##        ##  ##    ##  ##       ##     ## ##     ##       ## ##
     ##       #### ##     ## ######## ########  ##     ##  ######  ########

You're about to initialize a Firebase project in this directory:

  C:\Users\desahoo\Documents\Personal Projects\youtube-clone-react-app

Before we get started, keep in mind:

  * You are initializing in an existing Firebase project directory

